

times in msec
 clock   self+sourced   self:  sourced script
 clock   elapsed:              other lines

000.005  000.005: --- VIM STARTING ---
000.124  000.119: Allocated generic buffers
000.195  000.071: locale set
000.199  000.004: window checked
000.608  000.409: inits 1
000.696  000.088: parsing arguments
000.699  000.003: expanding arguments
000.719  000.020: shell init
001.074  000.355: Termcap init
001.095  000.021: inits 2
001.251  000.156: init highlight
001.623  000.269  000.269: sourcing /usr/share/vim/vim81/debian.vim
003.044  001.205  001.205: sourcing /usr/share/vim/vim81/syntax/syncolor.vim
003.203  001.442  000.237: sourcing /usr/share/vim/vim81/syntax/synload.vim
011.078  007.816  007.816: sourcing /usr/share/vim/vim81/filetype.vim
011.126  009.438  000.180: sourcing /usr/share/vim/vim81/syntax/syntax.vim
011.150  009.869  000.162: sourcing $VIM/vimrc
012.914  001.665  001.665: sourcing /home/albertulysses/.vim/autoload/plug.vim
016.670  000.371  000.371: sourcing /usr/share/vim/vim81/ftoff.vim
024.381  005.312  005.312: sourcing /usr/share/vim/vim81/filetype.vim
024.636  000.037  000.037: sourcing /usr/share/vim/vim81/ftplugin.vim
024.869  000.029  000.029: sourcing /usr/share/vim/vim81/indent.vim
025.179  000.009  000.009: sourcing /usr/share/vim/vim81/filetype.vim
025.370  000.007  000.007: sourcing /usr/share/vim/vim81/ftplugin.vim
025.561  000.007  000.007: sourcing /usr/share/vim/vim81/filetype.vim
025.758  000.008  000.008: sourcing /usr/share/vim/vim81/indent.vim
026.074  000.219  000.219: sourcing /usr/share/vim/vim81/syntax/nosyntax.vim
026.681  000.138  000.138: sourcing /usr/share/vim/vim81/syntax/syncolor.vim
026.777  000.429  000.291: sourcing /usr/share/vim/vim81/syntax/synload.vim
026.798  000.969  000.321: sourcing /usr/share/vim/vim81/syntax/syntax.vim
027.369  000.131  000.131: sourcing /usr/share/vim/vim81/syntax/syncolor.vim
027.786  000.128  000.128: sourcing /usr/share/vim/vim81/syntax/syncolor.vim
028.168  000.139  000.139: sourcing /usr/share/vim/vim81/syntax/syncolor.vim
028.465  001.478  001.080: sourcing /home/albertulysses/.vim/plugged/fisa-vim-colorscheme/colors/fisa.vim
028.750  017.574  007.682: sourcing $HOME/.vimrc
028.753  000.059: sourcing vimrc file(s)
029.095  000.156  000.156: sourcing /home/albertulysses/.vim/plugged/dir-configs-override.vim/plugin/dir-configs-override.vim
029.553  000.122  000.122: sourcing /home/albertulysses/.vim/plugged/nerdtree/autoload/nerdtree.vim
030.491  000.448  000.448: sourcing /home/albertulysses/.vim/plugged/nerdtree/lib/nerdtree/path.vim
030.645  000.116  000.116: sourcing /home/albertulysses/.vim/plugged/nerdtree/lib/nerdtree/menu_controller.vim
030.736  000.058  000.058: sourcing /home/albertulysses/.vim/plugged/nerdtree/lib/nerdtree/menu_item.vim
030.833  000.065  000.065: sourcing /home/albertulysses/.vim/plugged/nerdtree/lib/nerdtree/key_map.vim
031.006  000.140  000.140: sourcing /home/albertulysses/.vim/plugged/nerdtree/lib/nerdtree/bookmark.vim
031.183  000.141  000.141: sourcing /home/albertulysses/.vim/plugged/nerdtree/lib/nerdtree/tree_file_node.vim
031.488  000.270  000.270: sourcing /home/albertulysses/.vim/plugged/nerdtree/lib/nerdtree/tree_dir_node.vim
031.645  000.123  000.123: sourcing /home/albertulysses/.vim/plugged/nerdtree/lib/nerdtree/opener.vim
031.818  000.140  000.140: sourcing /home/albertulysses/.vim/plugged/nerdtree/lib/nerdtree/creator.vim
031.878  000.028  000.028: sourcing /home/albertulysses/.vim/plugged/nerdtree/lib/nerdtree/flag_set.vim
031.993  000.085  000.085: sourcing /home/albertulysses/.vim/plugged/nerdtree/lib/nerdtree/nerdtree.vim
032.227  000.203  000.203: sourcing /home/albertulysses/.vim/plugged/nerdtree/lib/nerdtree/ui.vim
032.273  000.013  000.013: sourcing /home/albertulysses/.vim/plugged/nerdtree/lib/nerdtree/event.vim
032.327  000.024  000.024: sourcing /home/albertulysses/.vim/plugged/nerdtree/lib/nerdtree/notifier.vim
032.651  000.291  000.291: sourcing /home/albertulysses/.vim/plugged/nerdtree/autoload/nerdtree/ui_glue.vim
034.452  000.066  000.066: sourcing /home/albertulysses/.vim/plugged/nerdtree/nerdtree_plugin/exec_menuitem.vim
034.916  000.435  000.435: sourcing /home/albertulysses/.vim/plugged/nerdtree/nerdtree_plugin/fs_menu.vim
034.953  000.025  000.025: sourcing /home/albertulysses/.vim/plugged/nerdtree/nerdtree_plugin/vcs.vim
035.336  006.197  003.404: sourcing /home/albertulysses/.vim/plugged/nerdtree/plugin/NERD_tree.vim
038.616  003.235  003.235: sourcing /home/albertulysses/.vim/plugged/nerdcommenter/plugin/NERD_commenter.vim
039.266  000.604  000.604: sourcing /home/albertulysses/.vim/plugged/tagbar/plugin/tagbar.vim
039.575  000.126  000.126: sourcing /home/albertulysses/.vim/plugged/ctrlp.vim/autoload/ctrlp/mrufiles.vim
039.697  000.389  000.263: sourcing /home/albertulysses/.vim/plugged/ctrlp.vim/plugin/ctrlp.vim
041.281  001.526  001.526: sourcing /home/albertulysses/.vim/plugged/emmet-vim/plugin/emmet.vim
041.556  000.229  000.229: sourcing /home/albertulysses/.vim/plugged/git-vim/plugin/git.vim
041.645  000.045  000.045: sourcing /home/albertulysses/.vim/plugged/tabman.vim/plugin/tabman.vim
041.930  000.059  000.059: sourcing /home/albertulysses/.vim/plugged/vim-airline/autoload/airline/init.vim
042.248  000.088  000.088: sourcing /home/albertulysses/.vim/plugged/vim-airline/autoload/airline/parts.vim
042.987  000.077  000.077: sourcing /home/albertulysses/.vim/plugged/vim-airline/autoload/airline/util.vim
043.008  001.326  001.102: sourcing /home/albertulysses/.vim/plugged/vim-airline/plugin/airline.vim
043.065  000.013  000.013: sourcing /home/albertulysses/.vim/plugged/vim-airline-themes/plugin/airline-themes.vim
043.353  000.204  000.204: sourcing /home/albertulysses/.vim/plugged/conque-term/plugin/conque_term.vim
043.543  000.148  000.148: sourcing /home/albertulysses/.vim/plugged/FixedTaskList.vim/plugin/tasklist.vim
044.034  000.446  000.446: sourcing /home/albertulysses/.vim/plugged/vim-surround/plugin/surround.vim
044.999  000.922  000.922: sourcing /home/albertulysses/.vim/plugged/vim-autoclose/plugin/AutoClose.vim
045.217  000.173  000.173: sourcing /home/albertulysses/.vim/plugged/vim-indent-object/plugin/indent-object.vim
045.957  000.698  000.698: sourcing /home/albertulysses/.vim/plugged/vim-indentwise/plugin/indentwise.vim
046.155  000.008  000.008: sourcing /usr/share/vim/vim81/filetype.vim
046.383  000.008  000.008: sourcing /usr/share/vim/vim81/ftplugin.vim
046.548  000.550  000.534: sourcing /home/albertulysses/.vim/plugged/jedi-vim/plugin/jedi.vim
046.728  000.067  000.067: sourcing /home/albertulysses/.vim/plugged/neocomplcache.vim/plugin/neocomplcache/buffer_complete.vim
046.776  000.035  000.035: sourcing /home/albertulysses/.vim/plugged/neocomplcache.vim/plugin/neocomplcache/dictionary_complete.vim
046.820  000.031  000.031: sourcing /home/albertulysses/.vim/plugged/neocomplcache.vim/plugin/neocomplcache/include_complete.vim
046.863  000.030  000.030: sourcing /home/albertulysses/.vim/plugged/neocomplcache.vim/plugin/neocomplcache/syntax_complete.vim
046.904  000.029  000.029: sourcing /home/albertulysses/.vim/plugged/neocomplcache.vim/plugin/neocomplcache/tags_complete.vim
047.227  000.310  000.310: sourcing /home/albertulysses/.vim/plugged/neocomplcache.vim/plugin/neocomplcache.vim
047.387  000.110  000.110: sourcing /home/albertulysses/.vim/plugged/tlib_vim/plugin/02tlib.vim
047.450  000.025  000.025: sourcing /home/albertulysses/.vim/plugged/vim-snippets/plugin/vimsnippets.vim
047.663  000.058  000.058: sourcing /home/albertulysses/.vim/plugged/vim-addon-mw-utils/autoload/funcref.vim
047.881  000.394  000.336: sourcing /home/albertulysses/.vim/plugged/vim-snipmate/plugin/snipMate.vim
048.175  000.251  000.251: sourcing /home/albertulysses/.vim/plugged/vim-signify/plugin/signify.vim
058.144  009.924  009.924: sourcing /home/albertulysses/.vim/plugged/vim-isort/plugin/python_vimisort.vim
058.454  000.220  000.220: sourcing /home/albertulysses/.vim/plugged/dragvisuals.vim/plugin/dragvisuals.vim
058.658  000.161  000.161: sourcing /home/albertulysses/.vim/plugged/vim-choosewin/plugin/choosewin.vim
058.831  000.010  000.010: sourcing /home/albertulysses/.vim/plugged/syntastic/plugin/syntastic/autoloclist.vim
058.867  000.008  000.008: sourcing /home/albertulysses/.vim/plugged/syntastic/plugin/syntastic/balloons.vim
058.887  000.008  000.008: sourcing /home/albertulysses/.vim/plugged/syntastic/plugin/syntastic/checker.vim
058.906  000.008  000.008: sourcing /home/albertulysses/.vim/plugged/syntastic/plugin/syntastic/cursor.vim
058.924  000.007  000.007: sourcing /home/albertulysses/.vim/plugged/syntastic/plugin/syntastic/highlighting.vim
058.943  000.007  000.007: sourcing /home/albertulysses/.vim/plugged/syntastic/plugin/syntastic/loclist.vim
058.961  000.007  000.007: sourcing /home/albertulysses/.vim/plugged/syntastic/plugin/syntastic/modemap.vim
058.979  000.006  000.006: sourcing /home/albertulysses/.vim/plugged/syntastic/plugin/syntastic/notifiers.vim
058.997  000.007  000.007: sourcing /home/albertulysses/.vim/plugged/syntastic/plugin/syntastic/registry.vim
059.016  000.008  000.008: sourcing /home/albertulysses/.vim/plugged/syntastic/plugin/syntastic/signs.vim
059.901  000.669  000.669: sourcing /home/albertulysses/.vim/plugged/syntastic/autoload/syntastic/util.vim
064.655  000.094  000.094: sourcing /home/albertulysses/.vim/plugged/syntastic/plugin/syntastic/autoloclist.vim
064.757  000.084  000.084: sourcing /home/albertulysses/.vim/plugged/syntastic/plugin/syntastic/balloons.vim
065.121  000.349  000.349: sourcing /home/albertulysses/.vim/plugged/syntastic/plugin/syntastic/checker.vim
065.208  000.073  000.073: sourcing /home/albertulysses/.vim/plugged/syntastic/plugin/syntastic/cursor.vim
065.267  000.046  000.046: sourcing /home/albertulysses/.vim/plugged/syntastic/plugin/syntastic/highlighting.vim
065.430  000.150  000.150: sourcing /home/albertulysses/.vim/plugged/syntastic/plugin/syntastic/loclist.vim
065.490  000.046  000.046: sourcing /home/albertulysses/.vim/plugged/syntastic/plugin/syntastic/modemap.vim
065.541  000.038  000.038: sourcing /home/albertulysses/.vim/plugged/syntastic/plugin/syntastic/notifiers.vim
065.732  000.179  000.179: sourcing /home/albertulysses/.vim/plugged/syntastic/plugin/syntastic/registry.vim
065.804  000.056  000.056: sourcing /home/albertulysses/.vim/plugged/syntastic/plugin/syntastic/signs.vim
066.549  007.522  005.738: sourcing /home/albertulysses/.vim/plugged/syntastic/plugin/syntastic.vim
067.076  000.193  000.193: sourcing /home/albertulysses/.vim/plugged/colorizer/autoload/colorizer.vim
067.346  000.738  000.545: sourcing /home/albertulysses/.vim/plugged/colorizer/plugin/colorizer.vim
067.446  000.051  000.051: sourcing /home/albertulysses/.vim/plugged/ack.vim/plugin/ack.vim
067.692  000.207  000.207: sourcing /home/albertulysses/.vim/plugged/IndexedSearch/plugin/IndexedSearch.vim
068.078  000.343  000.343: sourcing /home/albertulysses/.vim/plugged/matchit.zip/plugin/matchit.vim
070.379  002.240  002.240: sourcing /home/albertulysses/.vim/plugged/YankRing.vim/plugin/yankring.vim
070.596  000.049  000.049: sourcing /usr/share/vim/vim81/plugin/getscriptPlugin.vim
070.753  000.144  000.144: sourcing /usr/share/vim/vim81/plugin/gzip.vim
070.920  000.147  000.147: sourcing /usr/share/vim/vim81/plugin/logiPat.vim
070.956  000.020  000.020: sourcing /usr/share/vim/vim81/plugin/manpager.vim
071.087  000.120  000.120: sourcing /usr/share/vim/vim81/plugin/matchparen.vim
071.528  000.425  000.425: sourcing /usr/share/vim/vim81/plugin/netrwPlugin.vim
071.568  000.011  000.011: sourcing /usr/share/vim/vim81/plugin/rrhelper.vim
071.605  000.020  000.020: sourcing /usr/share/vim/vim81/plugin/spellfile.vim
071.743  000.124  000.124: sourcing /usr/share/vim/vim81/plugin/tarPlugin.vim
071.824  000.062  000.062: sourcing /usr/share/vim/vim81/plugin/tohtml.vim
071.976  000.138  000.138: sourcing /usr/share/vim/vim81/plugin/vimballPlugin.vim
072.151  000.153  000.153: sourcing /usr/share/vim/vim81/plugin/zipPlugin.vim
072.171  002.380: loading plugins
072.315  000.144: loading packages
072.424  000.032  000.032: sourcing /home/albertulysses/.vim/plugged/vim-ctrlp-cmdpalette/after/plugin/ctrlp.vim
072.686  000.210  000.210: sourcing /home/albertulysses/.vim/plugged/vim-snipmate/after/plugin/snipMate.vim
072.709  000.152: loading after plugins
072.718  000.009: inits 3
072.937  000.219: reading viminfo
072.942  000.005: setting raw mode
072.949  000.007: start termcap
072.975  000.026: clearing screen
1273.612  000.598  000.598: sourcing /home/albertulysses/.vim/plugged/ctrlp.vim/autoload/ctrlp/utils.vim
1290.422  000.949  000.949: sourcing /home/albertulysses/.vim/plugged/vim-airline/autoload/airline/extensions.vim
1291.175  000.220  000.220: sourcing /home/albertulysses/.vim/plugged/vim-airline/autoload/airline/extensions/quickfix.vim
1292.343  000.662  000.662: sourcing /home/albertulysses/.vim/plugged/vim-airline/autoload/airline.vim
1293.103  000.125  000.125: sourcing /home/albertulysses/.vim/plugged/vim-airline/autoload/airline/extensions/netrw.vim
1293.727  000.132  000.132: sourcing /home/albertulysses/.vim/plugged/vim-airline/autoload/airline/extensions/term.vim
1294.027  000.078  000.078: sourcing /home/albertulysses/.vim/plugged/vim-airline/autoload/airline/extensions/ctrlp.vim
1294.337  000.092  000.092: sourcing /home/albertulysses/.vim/plugged/vim-airline/autoload/airline/extensions/hunks.vim
1294.606  000.074  000.074: sourcing /home/albertulysses/.vim/plugged/vim-airline/autoload/airline/extensions/tagbar.vim
1294.967  000.058  000.058: sourcing /home/albertulysses/.vim/plugged/vim-airline/autoload/airline/extensions/syntastic.vim
1295.372  000.115  000.115: sourcing /home/albertulysses/.vim/plugged/vim-airline/autoload/airline/extensions/wordcount.vim
1295.678  000.034  000.034: sourcing /home/albertulysses/.vim/plugged/vim-airline/autoload/airline/extensions/keymap.vim
1298.978  000.078  000.078: sourcing /home/albertulysses/.vim/plugged/vim-airline/autoload/airline/section.vim
1299.439  000.222  000.222: sourcing /home/albertulysses/.vim/plugged/vim-airline/autoload/airline/highlighter.vim
1302.533  000.055  000.055: sourcing /home/albertulysses/.vim/plugged/vim-airline/autoload/airline/themes.vim
1302.809  000.490  000.435: sourcing /home/albertulysses/.vim/plugged/vim-airline-themes/autoload/airline/themes/bubblegum.vim
1305.156  000.283  000.283: sourcing /home/albertulysses/.vim/plugged/vim-airline-themes/autoload/airline/themes/bubblegum.vim
1320.338  000.100  000.100: sourcing /home/albertulysses/.vim/plugged/vim-airline/autoload/airline/builder.vim
1320.644  000.057  000.057: sourcing /home/albertulysses/.vim/plugged/vim-airline/autoload/airline/extensions/default.vim


times in msec
 clock   self+sourced   self:  sourced script
 clock   elapsed:              other lines

000.023  000.023: --- VIM STARTING ---
000.319  000.296: Allocated generic buffers
000.503  000.184: locale set
000.513  000.010: window checked
001.623  001.110: inits 1
001.872  000.249: parsing arguments
001.884  000.012: expanding arguments
001.954  000.070: shell init
003.094  001.140: Termcap init
003.153  000.059: inits 2
003.585  000.432: init highlight
004.627  000.739  000.739: sourcing /usr/share/vim/vim81/debian.vim
008.144  002.913  002.913: sourcing /usr/share/vim/vim81/syntax/syncolor.vim
008.575  003.562  000.649: sourcing /usr/share/vim/vim81/syntax/synload.vim
028.202  019.461  019.461: sourcing /usr/share/vim/vim81/filetype.vim
028.295  023.483  000.460: sourcing /usr/share/vim/vim81/syntax/syntax.vim
028.341  024.646  000.424: sourcing $VIM/vimrc
031.365  002.836  002.836: sourcing /home/albertulysses/.vim/autoload/plug.vim
036.595  000.497  000.497: sourcing /usr/share/vim/vim81/ftoff.vim
045.988  006.296  006.296: sourcing /usr/share/vim/vim81/filetype.vim
046.252  000.035  000.035: sourcing /usr/share/vim/vim81/ftplugin.vim
046.501  000.030  000.030: sourcing /usr/share/vim/vim81/indent.vim
046.861  000.011  000.011: sourcing /usr/share/vim/vim81/filetype.vim
047.087  000.009  000.009: sourcing /usr/share/vim/vim81/ftplugin.vim
047.312  000.008  000.008: sourcing /usr/share/vim/vim81/filetype.vim
047.531  000.008  000.008: sourcing /usr/share/vim/vim81/indent.vim
047.890  000.246  000.246: sourcing /usr/share/vim/vim81/syntax/nosyntax.vim
048.526  000.166  000.166: sourcing /usr/share/vim/vim81/syntax/syncolor.vim
048.640  000.513  000.347: sourcing /usr/share/vim/vim81/syntax/synload.vim
048.666  001.053  000.294: sourcing /usr/share/vim/vim81/syntax/syntax.vim
049.351  000.159  000.159: sourcing /usr/share/vim/vim81/syntax/syncolor.vim
049.860  000.155  000.155: sourcing /usr/share/vim/vim81/syntax/syncolor.vim
050.307  000.150  000.150: sourcing /usr/share/vim/vim81/syntax/syncolor.vim
050.651  001.763  001.299: sourcing /home/albertulysses/.vim/plugged/fisa-vim-colorscheme/colors/fisa.vim
050.960  022.567  010.021: sourcing $HOME/.vimrc
050.963  000.165: sourcing vimrc file(s)
051.342  000.176  000.176: sourcing /home/albertulysses/.vim/plugged/dir-configs-override.vim/plugin/dir-configs-override.vim
051.844  000.133  000.133: sourcing /home/albertulysses/.vim/plugged/nerdtree/autoload/nerdtree.vim
052.797  000.419  000.419: sourcing /home/albertulysses/.vim/plugged/nerdtree/lib/nerdtree/path.vim
052.967  000.129  000.129: sourcing /home/albertulysses/.vim/plugged/nerdtree/lib/nerdtree/menu_controller.vim
053.070  000.066  000.066: sourcing /home/albertulysses/.vim/plugged/nerdtree/lib/nerdtree/menu_item.vim
053.178  000.072  000.072: sourcing /home/albertulysses/.vim/plugged/nerdtree/lib/nerdtree/key_map.vim
053.371  000.157  000.157: sourcing /home/albertulysses/.vim/plugged/nerdtree/lib/nerdtree/bookmark.vim
053.558  000.147  000.147: sourcing /home/albertulysses/.vim/plugged/nerdtree/lib/nerdtree/tree_file_node.vim
053.908  000.311  000.311: sourcing /home/albertulysses/.vim/plugged/nerdtree/lib/nerdtree/tree_dir_node.vim
054.089  000.142  000.142: sourcing /home/albertulysses/.vim/plugged/nerdtree/lib/nerdtree/opener.vim
054.294  000.168  000.168: sourcing /home/albertulysses/.vim/plugged/nerdtree/lib/nerdtree/creator.vim
054.363  000.032  000.032: sourcing /home/albertulysses/.vim/plugged/nerdtree/lib/nerdtree/flag_set.vim
054.494  000.097  000.097: sourcing /home/albertulysses/.vim/plugged/nerdtree/lib/nerdtree/nerdtree.vim
054.743  000.214  000.214: sourcing /home/albertulysses/.vim/plugged/nerdtree/lib/nerdtree/ui.vim
054.794  000.014  000.014: sourcing /home/albertulysses/.vim/plugged/nerdtree/lib/nerdtree/event.vim
054.854  000.026  000.026: sourcing /home/albertulysses/.vim/plugged/nerdtree/lib/nerdtree/notifier.vim
055.215  000.323  000.323: sourcing /home/albertulysses/.vim/plugged/nerdtree/autoload/nerdtree/ui_glue.vim
057.016  000.067  000.067: sourcing /home/albertulysses/.vim/plugged/nerdtree/nerdtree_plugin/exec_menuitem.vim
057.504  000.459  000.459: sourcing /home/albertulysses/.vim/plugged/nerdtree/nerdtree_plugin/fs_menu.vim
057.543  000.026  000.026: sourcing /home/albertulysses/.vim/plugged/nerdtree/nerdtree_plugin/vcs.vim
057.933  006.544  003.542: sourcing /home/albertulysses/.vim/plugged/nerdtree/plugin/NERD_tree.vim
061.144  003.164  003.164: sourcing /home/albertulysses/.vim/plugged/nerdcommenter/plugin/NERD_commenter.vim
061.798  000.608  000.608: sourcing /home/albertulysses/.vim/plugged/tagbar/plugin/tagbar.vim
062.108  000.127  000.127: sourcing /home/albertulysses/.vim/plugged/ctrlp.vim/autoload/ctrlp/mrufiles.vim
062.232  000.392  000.265: sourcing /home/albertulysses/.vim/plugged/ctrlp.vim/plugin/ctrlp.vim
063.868  001.578  001.578: sourcing /home/albertulysses/.vim/plugged/emmet-vim/plugin/emmet.vim
064.154  000.234  000.234: sourcing /home/albertulysses/.vim/plugged/git-vim/plugin/git.vim
064.244  000.046  000.046: sourcing /home/albertulysses/.vim/plugged/tabman.vim/plugin/tabman.vim
064.535  000.061  000.061: sourcing /home/albertulysses/.vim/plugged/vim-airline/autoload/airline/init.vim
064.829  000.060  000.060: sourcing /home/albertulysses/.vim/plugged/vim-airline/autoload/airline/parts.vim
065.560  000.074  000.074: sourcing /home/albertulysses/.vim/plugged/vim-airline/autoload/airline/util.vim
065.579  001.297  001.102: sourcing /home/albertulysses/.vim/plugged/vim-airline/plugin/airline.vim
065.635  000.012  000.012: sourcing /home/albertulysses/.vim/plugged/vim-airline-themes/plugin/airline-themes.vim
065.818  000.140  000.140: sourcing /home/albertulysses/.vim/plugged/conque-term/plugin/conque_term.vim
065.997  000.142  000.142: sourcing /home/albertulysses/.vim/plugged/FixedTaskList.vim/plugin/tasklist.vim
066.476  000.435  000.435: sourcing /home/albertulysses/.vim/plugged/vim-surround/plugin/surround.vim
067.414  000.898  000.898: sourcing /home/albertulysses/.vim/plugged/vim-autoclose/plugin/AutoClose.vim
067.626  000.169  000.169: sourcing /home/albertulysses/.vim/plugged/vim-indent-object/plugin/indent-object.vim
068.344  000.679  000.679: sourcing /home/albertulysses/.vim/plugged/vim-indentwise/plugin/indentwise.vim
068.538  000.008  000.008: sourcing /usr/share/vim/vim81/filetype.vim
068.697  000.006  000.006: sourcing /usr/share/vim/vim81/ftplugin.vim
068.857  000.474  000.460: sourcing /home/albertulysses/.vim/plugged/jedi-vim/plugin/jedi.vim
069.028  000.064  000.064: sourcing /home/albertulysses/.vim/plugged/neocomplcache.vim/plugin/neocomplcache/buffer_complete.vim
069.074  000.032  000.032: sourcing /home/albertulysses/.vim/plugged/neocomplcache.vim/plugin/neocomplcache/dictionary_complete.vim
069.116  000.030  000.030: sourcing /home/albertulysses/.vim/plugged/neocomplcache.vim/plugin/neocomplcache/include_complete.vim
069.157  000.029  000.029: sourcing /home/albertulysses/.vim/plugged/neocomplcache.vim/plugin/neocomplcache/syntax_complete.vim
069.197  000.028  000.028: sourcing /home/albertulysses/.vim/plugged/neocomplcache.vim/plugin/neocomplcache/tags_complete.vim
069.508  000.299  000.299: sourcing /home/albertulysses/.vim/plugged/neocomplcache.vim/plugin/neocomplcache.vim
069.663  000.107  000.107: sourcing /home/albertulysses/.vim/plugged/tlib_vim/plugin/02tlib.vim
069.724  000.024  000.024: sourcing /home/albertulysses/.vim/plugged/vim-snippets/plugin/vimsnippets.vim
069.930  000.055  000.055: sourcing /home/albertulysses/.vim/plugged/vim-addon-mw-utils/autoload/funcref.vim
070.142  000.384  000.329: sourcing /home/albertulysses/.vim/plugged/vim-snipmate/plugin/snipMate.vim
070.427  000.244  000.244: sourcing /home/albertulysses/.vim/plugged/vim-signify/plugin/signify.vim
080.078  009.608  009.608: sourcing /home/albertulysses/.vim/plugged/vim-isort/plugin/python_vimisort.vim
080.325  000.186  000.186: sourcing /home/albertulysses/.vim/plugged/dragvisuals.vim/plugin/dragvisuals.vim
080.527  000.161  000.161: sourcing /home/albertulysses/.vim/plugged/vim-choosewin/plugin/choosewin.vim
080.697  000.011  000.011: sourcing /home/albertulysses/.vim/plugged/syntastic/plugin/syntastic/autoloclist.vim
080.731  000.008  000.008: sourcing /home/albertulysses/.vim/plugged/syntastic/plugin/syntastic/balloons.vim
080.750  000.007  000.007: sourcing /home/albertulysses/.vim/plugged/syntastic/plugin/syntastic/checker.vim
080.769  000.008  000.008: sourcing /home/albertulysses/.vim/plugged/syntastic/plugin/syntastic/cursor.vim
080.788  000.008  000.008: sourcing /home/albertulysses/.vim/plugged/syntastic/plugin/syntastic/highlighting.vim
080.806  000.007  000.007: sourcing /home/albertulysses/.vim/plugged/syntastic/plugin/syntastic/loclist.vim
080.824  000.008  000.008: sourcing /home/albertulysses/.vim/plugged/syntastic/plugin/syntastic/modemap.vim
080.841  000.007  000.007: sourcing /home/albertulysses/.vim/plugged/syntastic/plugin/syntastic/notifiers.vim
080.859  000.007  000.007: sourcing /home/albertulysses/.vim/plugged/syntastic/plugin/syntastic/registry.vim
080.878  000.008  000.008: sourcing /home/albertulysses/.vim/plugged/syntastic/plugin/syntastic/signs.vim
081.737  000.649  000.649: sourcing /home/albertulysses/.vim/plugged/syntastic/autoload/syntastic/util.vim
086.562  000.091  000.091: sourcing /home/albertulysses/.vim/plugged/syntastic/plugin/syntastic/autoloclist.vim
086.661  000.081  000.081: sourcing /home/albertulysses/.vim/plugged/syntastic/plugin/syntastic/balloons.vim
087.023  000.347  000.347: sourcing /home/albertulysses/.vim/plugged/syntastic/plugin/syntastic/checker.vim
087.117  000.079  000.079: sourcing /home/albertulysses/.vim/plugged/syntastic/plugin/syntastic/cursor.vim
087.179  000.049  000.049: sourcing /home/albertulysses/.vim/plugged/syntastic/plugin/syntastic/highlighting.vim
087.348  000.156  000.156: sourcing /home/albertulysses/.vim/plugged/syntastic/plugin/syntastic/loclist.vim
087.409  000.047  000.047: sourcing /home/albertulysses/.vim/plugged/syntastic/plugin/syntastic/modemap.vim
087.459  000.039  000.039: sourcing /home/albertulysses/.vim/plugged/syntastic/plugin/syntastic/notifiers.vim
087.648  000.177  000.177: sourcing /home/albertulysses/.vim/plugged/syntastic/plugin/syntastic/registry.vim
087.802  000.137  000.137: sourcing /home/albertulysses/.vim/plugged/syntastic/plugin/syntastic/signs.vim
088.478  007.589  005.737: sourcing /home/albertulysses/.vim/plugged/syntastic/plugin/syntastic.vim
088.996  000.189  000.189: sourcing /home/albertulysses/.vim/plugged/colorizer/autoload/colorizer.vim
089.255  000.722  000.533: sourcing /home/albertulysses/.vim/plugged/colorizer/plugin/colorizer.vim
089.353  000.051  000.051: sourcing /home/albertulysses/.vim/plugged/ack.vim/plugin/ack.vim
089.692  000.302  000.302: sourcing /home/albertulysses/.vim/plugged/IndexedSearch/plugin/IndexedSearch.vim
090.219  000.459  000.459: sourcing /home/albertulysses/.vim/plugged/matchit.zip/plugin/matchit.vim
092.489  002.208  002.208: sourcing /home/albertulysses/.vim/plugged/YankRing.vim/plugin/yankring.vim
092.697  000.048  000.048: sourcing /usr/share/vim/vim81/plugin/getscriptPlugin.vim
092.847  000.138  000.138: sourcing /usr/share/vim/vim81/plugin/gzip.vim
093.008  000.142  000.142: sourcing /usr/share/vim/vim81/plugin/logiPat.vim
093.043  000.020  000.020: sourcing /usr/share/vim/vim81/plugin/manpager.vim
093.170  000.116  000.116: sourcing /usr/share/vim/vim81/plugin/matchparen.vim
093.589  000.404  000.404: sourcing /usr/share/vim/vim81/plugin/netrwPlugin.vim
093.628  000.011  000.011: sourcing /usr/share/vim/vim81/plugin/rrhelper.vim
093.664  000.020  000.020: sourcing /usr/share/vim/vim81/plugin/spellfile.vim
093.796  000.119  000.119: sourcing /usr/share/vim/vim81/plugin/tarPlugin.vim
093.873  000.060  000.060: sourcing /usr/share/vim/vim81/plugin/tohtml.vim
094.019  000.132  000.132: sourcing /usr/share/vim/vim81/plugin/vimballPlugin.vim
094.163  000.123  000.123: sourcing /usr/share/vim/vim81/plugin/zipPlugin.vim
094.168  002.278: loading plugins
094.263  000.095: loading packages
094.373  000.031  000.031: sourcing /home/albertulysses/.vim/plugged/vim-ctrlp-cmdpalette/after/plugin/ctrlp.vim
094.623  000.199  000.199: sourcing /home/albertulysses/.vim/plugged/vim-snipmate/after/plugin/snipMate.vim
094.647  000.154: loading after plugins
094.655  000.008: inits 3
094.868  000.213: reading viminfo
094.874  000.006: setting raw mode
094.881  000.007: start termcap
094.904  000.023: clearing screen
104.354  000.141  000.141: sourcing /home/albertulysses/.vim/pack/flake8/start/vim-flake8/ftplugin/python_flake8.vim
168.118  063.214  063.214: sourcing /home/albertulysses/.vim/plugged/jedi-vim/autoload/jedi.vim
168.500  063.721  000.507: sourcing /home/albertulysses/.vim/plugged/jedi-vim/ftplugin/python/jedi.vim
169.195  000.526  000.526: sourcing /home/albertulysses/.vim/plugged/vim-isort/ftplugin/python_vimisort.vim
169.914  000.513  000.513: sourcing /usr/share/vim/vim81/ftplugin/python.vim
170.169  000.068  000.068: sourcing /home/albertulysses/.vim/plugged/jedi-vim/after/ftplugin/python/jedi.vim
170.484  000.094  000.094: sourcing /usr/share/vim/vim81/indent/python.vim
171.307  000.391  000.391: sourcing /usr/share/vim/vim81/syntax/python.vim
171.450  000.076  000.076: sourcing /home/albertulysses/.vim/plugged/jedi-vim/after/syntax/python.vim
171.920  000.261  000.261: sourcing /home/albertulysses/.vim/plugged/vim-airline/autoload/airline/extensions.vim
172.049  000.037  000.037: sourcing /home/albertulysses/.vim/plugged/vim-airline/autoload/airline/extensions/quickfix.vim
172.229  000.110  000.110: sourcing /home/albertulysses/.vim/plugged/vim-airline/autoload/airline.vim
172.363  000.024  000.024: sourcing /home/albertulysses/.vim/plugged/vim-airline/autoload/airline/extensions/netrw.vim
172.499  000.043  000.043: sourcing /home/albertulysses/.vim/plugged/vim-airline/autoload/airline/extensions/term.vim
172.679  000.051  000.051: sourcing /home/albertulysses/.vim/plugged/vim-airline/autoload/airline/extensions/ctrlp.vim
172.884  000.050  000.050: sourcing /home/albertulysses/.vim/plugged/vim-airline/autoload/airline/extensions/hunks.vim
173.027  000.040  000.040: sourcing /home/albertulysses/.vim/plugged/vim-airline/autoload/airline/extensions/tagbar.vim
173.217  000.031  000.031: sourcing /home/albertulysses/.vim/plugged/vim-airline/autoload/airline/extensions/syntastic.vim
173.424  000.058  000.058: sourcing /home/albertulysses/.vim/plugged/vim-airline/autoload/airline/extensions/wordcount.vim
173.575  000.017  000.017: sourcing /home/albertulysses/.vim/plugged/vim-airline/autoload/airline/extensions/keymap.vim
175.403  000.044  000.044: sourcing /home/albertulysses/.vim/plugged/vim-airline/autoload/airline/section.vim
175.658  000.126  000.126: sourcing /home/albertulysses/.vim/plugged/vim-airline/autoload/airline/highlighter.vim
177.674  000.036  000.036: sourcing /home/albertulysses/.vim/plugged/vim-airline/autoload/airline/themes.vim
177.846  000.315  000.279: sourcing /home/albertulysses/.vim/plugged/vim-airline-themes/autoload/airline/themes/bubblegum.vim
179.581  000.201  000.201: sourcing /home/albertulysses/.vim/plugged/vim-airline-themes/autoload/airline/themes/bubblegum.vim
193.040  000.098  000.098: sourcing /home/albertulysses/.vim/plugged/vim-airline/autoload/airline/builder.vim
193.332  000.054  000.054: sourcing /home/albertulysses/.vim/plugged/vim-airline/autoload/airline/extensions/default.vim
208.117  000.009  000.009: sourcing /home/albertulysses/.vim/pack/flake8/start/vim-flake8/ftplugin/python_flake8.vim
208.738  000.303  000.303: sourcing /home/albertulysses/.vim/plugged/jedi-vim/ftplugin/python/jedi.vim
209.376  000.506  000.506: sourcing /home/albertulysses/.vim/plugged/vim-isort/ftplugin/python_vimisort.vim
210.011  000.436  000.436: sourcing /usr/share/vim/vim81/ftplugin/python.vim
210.259  000.067  000.067: sourcing /home/albertulysses/.vim/plugged/jedi-vim/after/ftplugin/python/jedi.vim
210.492  000.023  000.023: sourcing /usr/share/vim/vim81/indent/python.vim
211.325  000.400  000.400: sourcing /usr/share/vim/vim81/syntax/python.vim
211.490  000.095  000.095: sourcing /home/albertulysses/.vim/plugged/jedi-vim/after/syntax/python.vim
212.784  000.074  000.074: sourcing /home/albertulysses/.vim/plugged/vim-signify/autoload/sy.vim
213.043  000.046  000.046: sourcing /home/albertulysses/.vim/plugged/vim-signify/autoload/sy/util.vim
213.446  000.257  000.257: sourcing /home/albertulysses/.vim/plugged/vim-signify/autoload/sy/repo.vim
215.149  000.269  000.269: sourcing /home/albertulysses/.vim/plugged/syntastic/autoload/syntastic/log.vim
215.597  000.101  000.101: sourcing /home/albertulysses/.vim/plugged/ctrlp.vim/autoload/ctrlp/utils.vim
222.382  057.802: opening buffers
244.279  021.897: BufEnter autocommands
244.281  000.002: editing files in windows
245.595  000.139  000.139: sourcing /home/albertulysses/.vim/plugged/syntastic/syntax_checkers/python/bandit.vim
245.927  000.125  000.125: sourcing /home/albertulysses/.vim/plugged/syntastic/syntax_checkers/python/pyflakes.vim
246.085  000.468  000.343: sourcing /home/albertulysses/.vim/plugged/syntastic/syntax_checkers/python/flake8.vim
246.224  000.119  000.119: sourcing /home/albertulysses/.vim/plugged/syntastic/syntax_checkers/python/frosted.vim
246.352  000.110  000.110: sourcing /home/albertulysses/.vim/plugged/syntastic/syntax_checkers/python/mypy.vim
246.701  000.010  000.010: sourcing /home/albertulysses/.vim/plugged/syntastic/syntax_checkers/python/bandit.vim
246.724  000.007  000.007: sourcing /home/albertulysses/.vim/plugged/syntastic/syntax_checkers/python/flake8.vim
246.746  000.007  000.007: sourcing /home/albertulysses/.vim/plugged/syntastic/syntax_checkers/python/frosted.vim
246.767  000.007  000.007: sourcing /home/albertulysses/.vim/plugged/syntastic/syntax_checkers/python/mypy.vim
246.788  000.007  000.007: sourcing /home/albertulysses/.vim/plugged/syntastic/syntax_checkers/python/pep257.vim
247.138  000.009  000.009: sourcing /home/albertulysses/.vim/plugged/syntastic/syntax_checkers/python/bandit.vim
247.161  000.007  000.007: sourcing /home/albertulysses/.vim/plugged/syntastic/syntax_checkers/python/flake8.vim
247.183  000.007  000.007: sourcing /home/albertulysses/.vim/plugged/syntastic/syntax_checkers/python/frosted.vim
247.204  000.006  000.006: sourcing /home/albertulysses/.vim/plugged/syntastic/syntax_checkers/python/mypy.vim
247.226  000.007  000.007: sourcing /home/albertulysses/.vim/plugged/syntastic/syntax_checkers/python/pep257.vim
247.247  000.007  000.007: sourcing /home/albertulysses/.vim/plugged/syntastic/syntax_checkers/python/pep8.vim
247.395  000.134  000.134: sourcing /home/albertulysses/.vim/plugged/syntastic/syntax_checkers/python/prospector.vim
247.526  000.110  000.110: sourcing /home/albertulysses/.vim/plugged/syntastic/syntax_checkers/python/py3kwarn.vim
247.657  000.113  000.113: sourcing /home/albertulysses/.vim/plugged/syntastic/syntax_checkers/python/pycodestyle.vim
247.879  000.167  000.167: sourcing /home/albertulysses/.vim/plugged/syntastic/syntax_checkers/python/pydocstyle.vim
247.905  000.008  000.008: sourcing /home/albertulysses/.vim/plugged/syntastic/syntax_checkers/python/pyflakes.vim
248.117  000.009  000.009: sourcing /home/albertulysses/.vim/plugged/syntastic/syntax_checkers/python/pyflakes.vim
248.273  000.354  000.345: sourcing /home/albertulysses/.vim/plugged/syntastic/syntax_checkers/python/pylama.vim
248.422  000.133  000.133: sourcing /home/albertulysses/.vim/plugged/syntastic/syntax_checkers/python/pylint.vim
248.570  000.129  000.129: sourcing /home/albertulysses/.vim/plugged/syntastic/syntax_checkers/python/python.vim
248.745  001.943  000.752: sourcing /home/albertulysses/.vim/plugged/syntastic/syntax_checkers/python/pep8.vim
248.773  000.009  000.009: sourcing /home/albertulysses/.vim/plugged/syntastic/syntax_checkers/python/prospector.vim
248.794  000.006  000.006: sourcing /home/albertulysses/.vim/plugged/syntastic/syntax_checkers/python/py3kwarn.vim
248.816  000.007  000.007: sourcing /home/albertulysses/.vim/plugged/syntastic/syntax_checkers/python/pycodestyle.vim
248.837  000.007  000.007: sourcing /home/albertulysses/.vim/plugged/syntastic/syntax_checkers/python/pydocstyle.vim
248.858  000.006  000.006: sourcing /home/albertulysses/.vim/plugged/syntastic/syntax_checkers/python/pyflakes.vim
248.879  000.007  000.007: sourcing /home/albertulysses/.vim/plugged/syntastic/syntax_checkers/python/pylama.vim
248.911  000.006  000.006: sourcing /home/albertulysses/.vim/plugged/syntastic/syntax_checkers/python/pylint.vim
248.932  000.007  000.007: sourcing /home/albertulysses/.vim/plugged/syntastic/syntax_checkers/python/python.vim
249.107  002.736  000.700: sourcing /home/albertulysses/.vim/plugged/syntastic/syntax_checkers/python/pep257.vim
249.132  000.008  000.008: sourcing /home/albertulysses/.vim/plugged/syntastic/syntax_checkers/python/pep8.vim
249.154  000.007  000.007: sourcing /home/albertulysses/.vim/plugged/syntastic/syntax_checkers/python/prospector.vim
249.175  000.007  000.007: sourcing /home/albertulysses/.vim/plugged/syntastic/syntax_checkers/python/py3kwarn.vim
249.196  000.007  000.007: sourcing /home/albertulysses/.vim/plugged/syntastic/syntax_checkers/python/pycodestyle.vim
249.217  000.007  000.007: sourcing /home/albertulysses/.vim/plugged/syntastic/syntax_checkers/python/pydocstyle.vim
249.238  000.007  000.007: sourcing /home/albertulysses/.vim/plugged/syntastic/syntax_checkers/python/pyflakes.vim
249.258  000.006  000.006: sourcing /home/albertulysses/.vim/plugged/syntastic/syntax_checkers/python/pylama.vim
249.278  000.006  000.006: sourcing /home/albertulysses/.vim/plugged/syntastic/syntax_checkers/python/pylint.vim
249.298  000.006  000.006: sourcing /home/albertulysses/.vim/plugged/syntastic/syntax_checkers/python/python.vim
199825.839  199577.925: VimEnter autocommands
199825.842  000.003: before starting main loop
199830.873  001.577  001.577: sourcing /home/albertulysses/.vim/plugged/tagbar/autoload/tagbar.vim
199831.033  000.051  000.051: sourcing /home/albertulysses/.vim/plugged/tagbar/autoload/tagbar/debug.vim
199836.993  009.523: first screen update
199836.996  000.003: --- VIM STARTED ---
